{"uuid":"0d0e0145-edca-46d9-8bfc-060e66bcd0f7","historyId":"919322fab73333ebcb6db003077db6e8","fullName":"src/test/resources/features/login.feature:37","labels":[{"name":"host","value":"AKHILs-MacBook-Air-2.local"},{"name":"thread","value":"45323@AKHILs-MacBook-Air-2.local.main(1)"},{"name":"feature","value":"Login Validation"},{"name":"story","value":"Login test cases"},{"name":"suite","value":"Login Validation"},{"name":"testClass","value":"Login test cases"},{"name":"framework","value":"cucumber4jvm"},{"name":"language","value":"java"},{"name":"gherkin_uri","value":"file:///Users/akhilkumarreddyseelam/Downloads/login-test/src/test/resources/features/login.feature"},{"name":"package","value":"src.test.resources.features.login_feature.Login Validation"}],"links":[],"name":"Login test cases","status":"failed","statusDetails":{"known":false,"muted":false,"flaky":false,"message":"❌ Login failed but expected success","trace":"java.lang.AssertionError: ❌ Login failed but expected success\n\tat org.junit.Assert.fail(Assert.java:89)\n\tat org.junit.Assert.assertTrue(Assert.java:42)\n\tat steps.LoginSteps.verify_result(LoginSteps.java:56)\n\tat ✽.\"success\" should be displayed(file:///Users/akhilkumarreddyseelam/Downloads/login-test/src/test/resources/features/login.feature:6)\n"},"stage":"finished","steps":[{"name":"Given  user is on Practice Test login page","status":"passed","statusDetails":{"known":false,"muted":false,"flaky":false},"stage":"finished","steps":[],"attachments":[],"parameters":[],"start":1770959995563,"stop":1770959999274},{"name":"When  user logs in with username \"\" and password \"\"","status":"passed","statusDetails":{"known":false,"muted":false,"flaky":false},"stage":"finished","steps":[],"attachments":[],"parameters":[],"start":1770959999276,"stop":1770959999378},{"name":"Then  \"success\" should be displayed","status":"failed","statusDetails":{"known":false,"muted":false,"flaky":false,"message":"❌ Login failed but expected success","trace":"java.lang.AssertionError: ❌ Login failed but expected success\n\tat org.junit.Assert.fail(Assert.java:89)\n\tat org.junit.Assert.assertTrue(Assert.java:42)\n\tat steps.LoginSteps.verify_result(LoginSteps.java:56)\n\tat ✽.\"success\" should be displayed(file:///Users/akhilkumarreddyseelam/Downloads/login-test/src/test/resources/features/login.feature:6)\n"},"stage":"finished","steps":[],"attachments":[],"parameters":[],"start":1770959999378,"stop":1770959999919}],"attachments":[],"parameters":[{"name":"username","value":""},{"name":"password","value":""},{"name":"result","value":"success"}],"start":1770959995563,"stop":1770959999920}