{"uuid":"1c4ecb4f-631b-4d79-902b-8ea4c66a85a0","historyId":"248952050f05a3caf4dfb2b483315f8a","fullName":"src/test/resources/features/login.feature:20","labels":[{"name":"host","value":"AKHILs-MacBook-Air-2.local"},{"name":"thread","value":"43660@AKHILs-MacBook-Air-2.local.main(1)"},{"name":"feature","value":"Login Validation"},{"name":"story","value":"Login test cases"},{"name":"suite","value":"Login Validation"},{"name":"testClass","value":"Login test cases"},{"name":"framework","value":"cucumber4jvm"},{"name":"language","value":"java"},{"name":"gherkin_uri","value":"file:///Users/akhilkumarreddyseelam/Downloads/login-test/src/test/resources/features/login.feature"},{"name":"package","value":"src.test.resources.features.login_feature.Login Validation"}],"links":[],"name":"Login test cases","status":"failed","statusDetails":{"known":false,"muted":false,"flaky":false,"message":"❌ Expected username required validation","trace":"java.lang.AssertionError: ❌ Expected username required validation\n\tat org.junit.Assert.fail(Assert.java:89)\n\tat org.junit.Assert.assertTrue(Assert.java:42)\n\tat steps.LoginSteps.verify_result(LoginSteps.java:66)\n\tat ✽.\"username required\" should be displayed(file:///Users/akhilkumarreddyseelam/Downloads/login-test/src/test/resources/features/login.feature:6)\n"},"stage":"finished","steps":[{"name":"Given  user is on Practice Test login page","status":"passed","statusDetails":{"known":false,"muted":false,"flaky":false},"stage":"finished","steps":[],"attachments":[],"parameters":[],"start":1770958654074,"stop":1770958656711},{"name":"When  user logs in with username \"\" and password \"Password123\"","status":"passed","statusDetails":{"known":false,"muted":false,"flaky":false},"stage":"finished","steps":[],"attachments":[],"parameters":[],"start":1770958656713,"stop":1770958656849},{"name":"Then  \"username required\" should be displayed","status":"failed","statusDetails":{"known":false,"muted":false,"flaky":false,"message":"❌ Expected username required validation","trace":"java.lang.AssertionError: ❌ Expected username required validation\n\tat org.junit.Assert.fail(Assert.java:89)\n\tat org.junit.Assert.assertTrue(Assert.java:42)\n\tat steps.LoginSteps.verify_result(LoginSteps.java:66)\n\tat ✽.\"username required\" should be displayed(file:///Users/akhilkumarreddyseelam/Downloads/login-test/src/test/resources/features/login.feature:6)\n"},"stage":"finished","steps":[],"attachments":[],"parameters":[],"start":1770958656850,"stop":1770958661953}],"attachments":[],"parameters":[{"name":"username","value":""},{"name":"password","value":"Password123"},{"name":"result","value":"username required"}],"start":1770958654074,"stop":1770958661965}