{"uuid":"6df88907-b4a0-4fc5-8535-f691988bb177","historyId":"2b64b18a6eded7c9004fe4a52dcaea6b","fullName":"src/test/resources/features/login.feature:43","labels":[{"name":"host","value":"AKHILs-MacBook-Air-2.local"},{"name":"thread","value":"44918@AKHILs-MacBook-Air-2.local.main(1)"},{"name":"feature","value":"Login Validation"},{"name":"story","value":"Login test cases"},{"name":"suite","value":"Login Validation"},{"name":"testClass","value":"Login test cases"},{"name":"framework","value":"cucumber4jvm"},{"name":"language","value":"java"},{"name":"gherkin_uri","value":"file:///Users/akhilkumarreddyseelam/Downloads/login-test/src/test/resources/features/login.feature"},{"name":"package","value":"src.test.resources.features.login_feature.Login Validation"}],"links":[],"name":"Login test cases","status":"failed","statusDetails":{"known":false,"muted":false,"flaky":false,"message":"❌ Expected username required validation","trace":"java.lang.AssertionError: ❌ Expected username required validation\n\tat org.junit.Assert.fail(Assert.java:89)\n\tat org.junit.Assert.assertTrue(Assert.java:42)\n\tat steps.LoginSteps.verify_result(LoginSteps.java:66)\n\tat ✽.\"username required\" should be displayed(file:///Users/akhilkumarreddyseelam/Downloads/login-test/src/test/resources/features/login.feature:6)\n"},"stage":"finished","steps":[{"name":"Given  user is on Practice Test login page","status":"passed","statusDetails":{"known":false,"muted":false,"flaky":false},"stage":"finished","steps":[],"attachments":[],"parameters":[],"start":1770959878879,"stop":1770959882811},{"name":"When  user logs in with username \"student\" and password \"Password123\"","status":"passed","statusDetails":{"known":false,"muted":false,"flaky":false},"stage":"finished","steps":[],"attachments":[],"parameters":[],"start":1770959882815,"stop":1770959884703},{"name":"Then  \"username required\" should be displayed","status":"failed","statusDetails":{"known":false,"muted":false,"flaky":false,"message":"❌ Expected username required validation","trace":"java.lang.AssertionError: ❌ Expected username required validation\n\tat org.junit.Assert.fail(Assert.java:89)\n\tat org.junit.Assert.assertTrue(Assert.java:42)\n\tat steps.LoginSteps.verify_result(LoginSteps.java:66)\n\tat ✽.\"username required\" should be displayed(file:///Users/akhilkumarreddyseelam/Downloads/login-test/src/test/resources/features/login.feature:6)\n"},"stage":"finished","steps":[],"attachments":[],"parameters":[],"start":1770959884703,"stop":1770959889834}],"attachments":[],"parameters":[{"name":"username","value":"student"},{"name":"password","value":"Password123"},{"name":"result","value":"username required"}],"start":1770959878879,"stop":1770959889835}