{"uuid":"801d9153-4302-464a-ad80-c8c129d3e027","historyId":"efd3b8d7e5a2a8f3e176a0c207d5cc34","fullName":"src/test/resources/features/login.feature:34","labels":[{"name":"host","value":"AKHILs-MacBook-Air-2.local"},{"name":"thread","value":"43660@AKHILs-MacBook-Air-2.local.main(1)"},{"name":"feature","value":"Login Validation"},{"name":"story","value":"Login test cases"},{"name":"suite","value":"Login Validation"},{"name":"testClass","value":"Login test cases"},{"name":"framework","value":"cucumber4jvm"},{"name":"language","value":"java"},{"name":"gherkin_uri","value":"file:///Users/akhilkumarreddyseelam/Downloads/login-test/src/test/resources/features/login.feature"},{"name":"package","value":"src.test.resources.features.login_feature.Login Validation"}],"links":[],"name":"Login test cases","status":"failed","statusDetails":{"known":false,"muted":false,"flaky":false,"message":"❌ Login failed but expected success","trace":"java.lang.AssertionError: ❌ Login failed but expected success\n\tat org.junit.Assert.fail(Assert.java:89)\n\tat org.junit.Assert.assertTrue(Assert.java:42)\n\tat steps.LoginSteps.verify_result(LoginSteps.java:56)\n\tat ✽.\"success\" should be displayed(file:///Users/akhilkumarreddyseelam/Downloads/login-test/src/test/resources/features/login.feature:6)\n"},"stage":"finished","steps":[{"name":"Given  user is on Practice Test login page","status":"passed","statusDetails":{"known":false,"muted":false,"flaky":false},"stage":"finished","steps":[],"attachments":[],"parameters":[],"start":1770958682876,"stop":1770958686896},{"name":"When  user logs in with username \"wronguser\" and password \"Password123\"","status":"passed","statusDetails":{"known":false,"muted":false,"flaky":false},"stage":"finished","steps":[],"attachments":[],"parameters":[],"start":1770958686897,"stop":1770958687046},{"name":"Then  \"success\" should be displayed","status":"failed","statusDetails":{"known":false,"muted":false,"flaky":false,"message":"❌ Login failed but expected success","trace":"java.lang.AssertionError: ❌ Login failed but expected success\n\tat org.junit.Assert.fail(Assert.java:89)\n\tat org.junit.Assert.assertTrue(Assert.java:42)\n\tat steps.LoginSteps.verify_result(LoginSteps.java:56)\n\tat ✽.\"success\" should be displayed(file:///Users/akhilkumarreddyseelam/Downloads/login-test/src/test/resources/features/login.feature:6)\n"},"stage":"finished","steps":[],"attachments":[],"parameters":[],"start":1770958687046,"stop":1770958687591}],"attachments":[],"parameters":[{"name":"username","value":"wronguser"},{"name":"password","value":"Password123"},{"name":"result","value":"success"}],"start":1770958682876,"stop":1770958687592}